<?xml version="1.0" encoding="UTF-8"?>
<!-- Generated by org.testng.reporters.JUnitReportReporter -->
<testsuite skipped="5" hostname="LT0021232" name="com.ril.feedzai.testScript.FeedzaiPulseHomePageTest" tests="5" failures="0" timestamp="18 Sep 2018 07:03:01 GMT" time="0.000" errors="0">
  <testcase name="Health" time="0.000" classname="com.ril.feedzai.testScript.FeedzaiPulseHomePageTest">
    <skipped/>
  </testcase> <!-- Health -->
  <testcase name="Version" time="0.000" classname="com.ril.feedzai.testScript.FeedzaiPulseHomePageTest">
    <skipped/>
  </testcase> <!-- Version -->
  <testcase name="Job" time="0.000" classname="com.ril.feedzai.testScript.FeedzaiPulseHomePageTest">
    <skipped/>
  </testcase> <!-- Job -->
  <testcase name="TimeMachine" time="0.000" classname="com.ril.feedzai.testScript.FeedzaiPulseHomePageTest">
    <skipped/>
  </testcase> <!-- TimeMachine -->
  <testcase name="Logout" time="0.000" classname="com.ril.feedzai.testScript.FeedzaiPulseHomePageTest">
    <skipped/>
  </testcase> <!-- Logout -->
</testsuite> <!-- com.ril.feedzai.testScript.FeedzaiPulseHomePageTest -->
