<?xml version="1.0" encoding="UTF-8"?>
<!-- Generated by org.testng.reporters.JUnitReportReporter -->
<testsuite skipped="3" hostname="LT0021232" name="com.ril.feedzai.testScript.CustomerPageTest" tests="3" failures="0" timestamp="18 Sep 2018 07:03:02 GMT" time="0.000" errors="0">
  <testcase name="CustMobSearch" time="0.000" classname="com.ril.feedzai.testScript.CustomerPageTest">
    <skipped/>
  </testcase> <!-- CustMobSearch -->
  <testcase name="custIdSearch" time="0.000" classname="com.ril.feedzai.testScript.CustomerPageTest">
    <skipped/>
  </testcase> <!-- custIdSearch -->
  <testcase name="CustDetailInfo" time="0.000" classname="com.ril.feedzai.testScript.CustomerPageTest">
    <skipped/>
  </testcase> <!-- CustDetailInfo -->
</testsuite> <!-- com.ril.feedzai.testScript.CustomerPageTest -->
