<?xml version="1.0" encoding="UTF-8"?>
<!-- Generated by org.testng.reporters.JUnitReportReporter -->
<testsuite skipped="0" hostname="LT0021232" name="com.ril.feedzai.testScript.AlertManagerCustomerScreen" tests="10" failures="0" timestamp="15 Jun 2018 06:18:53 GMT" time="68.012" errors="0">
  <testcase name="custMobNumSearch" time="28.623" classname="com.ril.feedzai.testScript.AlertManagerCustomerScreen"/>
  <testcase name="custIdSearch" time="37.359" classname="com.ril.feedzai.testScript.AlertManagerCustomerScreen"/>
  <testcase name="custNameValidate" time="1.158" classname="com.ril.feedzai.testScript.AlertManagerCustomerScreen"/>
  <testcase name="custIDValidate" time="0.105" classname="com.ril.feedzai.testScript.AlertManagerCustomerScreen"/>
  <testcase name="custAccNumValidate" time="0.144" classname="com.ril.feedzai.testScript.AlertManagerCustomerScreen"/>
  <testcase name="custKycValidate" time="0.093" classname="com.ril.feedzai.testScript.AlertManagerCustomerScreen"/>
  <testcase name="custStatusValidate" time="0.155" classname="com.ril.feedzai.testScript.AlertManagerCustomerScreen"/>
  <testcase name="custAppIDValidate" time="0.188" classname="com.ril.feedzai.testScript.AlertManagerCustomerScreen"/>
  <testcase name="custTransStatisticsValidate" time="0.081" classname="com.ril.feedzai.testScript.AlertManagerCustomerScreen"/>
  <testcase name="custMerchStatisticsValidate" time="0.106" classname="com.ril.feedzai.testScript.AlertManagerCustomerScreen"/>
</testsuite> <!-- com.ril.feedzai.testScript.AlertManagerCustomerScreen -->
