<?xml version="1.0" encoding="UTF-8"?>
<!-- Generated by org.testng.reporters.JUnitReportReporter -->
<testsuite skipped="0" hostname="LT0021232" name="com.ril.feedzai.testScript.HoldandRelease" tests="3" failures="0" timestamp="15 Jun 2018 06:18:53 GMT" time="82.342" errors="0">
  <testcase name="viewTransaction" time="21.189" classname="com.ril.feedzai.testScript.HoldandRelease"/>
  <testcase name="markSuspicious" time="44.502" classname="com.ril.feedzai.testScript.HoldandRelease"/>
  <testcase name="markAsNotFraud" time="16.651" classname="com.ril.feedzai.testScript.HoldandRelease"/>
</testsuite> <!-- com.ril.feedzai.testScript.HoldandRelease -->
