<?xml version="1.0" encoding="UTF-8"?>
<!-- Generated by org.testng.reporters.JUnitReportReporter -->
<testsuite skipped="0" hostname="LT0021232" name="com.ril.feedzai.testScript.FeedzaiPulseHomePage" tests="4" failures="0" timestamp="15 Jun 2018 06:18:53 GMT" time="26.411" errors="0">
  <testcase name="Healthcheck" time="6.941" classname="com.ril.feedzai.testScript.FeedzaiPulseHomePage"/>
  <testcase name="PulseVersion" time="0.599" classname="com.ril.feedzai.testScript.FeedzaiPulseHomePage"/>
  <testcase name="DistributionJob" time="1.906" classname="com.ril.feedzai.testScript.FeedzaiPulseHomePage"/>
  <testcase name="EnableTimeMachine" time="16.965" classname="com.ril.feedzai.testScript.FeedzaiPulseHomePage"/>
</testsuite> <!-- com.ril.feedzai.testScript.FeedzaiPulseHomePage -->
