<?xml version="1.0" encoding="UTF-8"?>
<!-- Generated by org.testng.reporters.JUnitReportReporter -->
<testsuite skipped="0" hostname="LT0021232" name="com.ril.feedzai.testScript.JPB_Advance_Search" tests="4" failures="0" timestamp="15 Jun 2018 06:18:53 GMT" time="72.854" errors="0">
  <testcase name="Sender_pan" time="19.366" classname="com.ril.feedzai.testScript.JPB_Advance_Search"/>
  <testcase name="Beneficiary_pan" time="17.409" classname="com.ril.feedzai.testScript.JPB_Advance_Search"/>
  <testcase name="Sender_MMID" time="20.593" classname="com.ril.feedzai.testScript.JPB_Advance_Search"/>
  <testcase name="Beneficiary_MMID" time="15.486" classname="com.ril.feedzai.testScript.JPB_Advance_Search"/>
</testsuite> <!-- com.ril.feedzai.testScript.JPB_Advance_Search -->
