<?xml version="1.0" encoding="UTF-8"?>
<!-- Generated by org.testng.reporters.JUnitReportReporter -->
<testsuite skipped="2" hostname="LT0021232" name="com.ril.feedzai.testScript.MerchantPageTest" tests="2" failures="0" timestamp="18 Sep 2018 07:03:02 GMT" time="0.000" errors="0">
  <testcase name="MerchantDeatilsMno" time="0.000" classname="com.ril.feedzai.testScript.MerchantPageTest">
    <skipped/>
  </testcase> <!-- MerchantDeatilsMno -->
  <testcase name="MerchantDeatilsID" time="0.000" classname="com.ril.feedzai.testScript.MerchantPageTest">
    <skipped/>
  </testcase> <!-- MerchantDeatilsID -->
</testsuite> <!-- com.ril.feedzai.testScript.MerchantPageTest -->
