<?xml version="1.0" encoding="UTF-8"?>
<!-- Generated by org.testng.reporters.JUnitReportReporter -->
<testsuite skipped="0" hostname="LT0021232" name="com.ril.Feedzai.TestScript.feedzai_AM_VerifyAlertInQueue" tests="1" failures="0" timestamp="22 May 2018 04:00:23 GMT" time="29.134" errors="0">
  <testcase name="ClickOnSettings" time="29.134" classname="com.ril.Feedzai.TestScript.feedzai_AM_VerifyAlertInQueue"/>
</testsuite> <!-- com.ril.Feedzai.TestScript.feedzai_AM_VerifyAlertInQueue -->
