<?xml version="1.0" encoding="UTF-8"?>
<!-- Generated by org.testng.reporters.JUnitReportReporter -->
<testsuite skipped="13" hostname="LT0021232" name="com.ril.feedzai.testScript.AMSearchPageTest" tests="13" failures="0" timestamp="18 Sep 2018 07:03:02 GMT" time="0.000" errors="0">
  <testcase name="CustSearch" time="0.000" classname="com.ril.feedzai.testScript.AMSearchPageTest">
    <skipped/>
  </testcase> <!-- CustSearch -->
  <testcase name="MerSearch" time="0.000" classname="com.ril.feedzai.testScript.AMSearchPageTest">
    <skipped/>
  </testcase> <!-- MerSearch -->
  <testcase name="ChannelSearch" time="0.000" classname="com.ril.feedzai.testScript.AMSearchPageTest">
    <skipped/>
  </testcase> <!-- ChannelSearch -->
  <testcase name="AgentIDSearch" time="0.000" classname="com.ril.feedzai.testScript.AMSearchPageTest">
    <skipped/>
  </testcase> <!-- AgentIDSearch -->
  <testcase name="CusNumSearch" time="0.000" classname="com.ril.feedzai.testScript.AMSearchPageTest">
    <skipped/>
  </testcase> <!-- CusNumSearch -->
  <testcase name="MerNumSearch" time="0.000" classname="com.ril.feedzai.testScript.AMSearchPageTest">
    <skipped/>
  </testcase> <!-- MerNumSearch -->
  <testcase name="SrcInstIDSearch" time="0.000" classname="com.ril.feedzai.testScript.AMSearchPageTest">
    <skipped/>
  </testcase> <!-- SrcInstIDSearch -->
  <testcase name="ResponseCodeSearch" time="0.000" classname="com.ril.feedzai.testScript.AMSearchPageTest">
    <skipped/>
  </testcase> <!-- ResponseCodeSearch -->
  <testcase name="ProcessCodeSearch" time="0.000" classname="com.ril.feedzai.testScript.AMSearchPageTest">
    <skipped/>
  </testcase> <!-- ProcessCodeSearch -->
  <testcase name="HashedCardPanSearch" time="0.000" classname="com.ril.feedzai.testScript.AMSearchPageTest">
    <skipped/>
  </testcase> <!-- HashedCardPanSearch -->
  <testcase name="CustAppIDSearch" time="0.000" classname="com.ril.feedzai.testScript.AMSearchPageTest">
    <skipped/>
  </testcase> <!-- CustAppIDSearch -->
  <testcase name="SenderPanSearch" time="0.000" classname="com.ril.feedzai.testScript.AMSearchPageTest">
    <skipped/>
  </testcase> <!-- SenderPanSearch -->
  <testcase name="CardBinSearch" time="0.000" classname="com.ril.feedzai.testScript.AMSearchPageTest">
    <skipped/>
  </testcase> <!-- CardBinSearch -->
</testsuite> <!-- com.ril.feedzai.testScript.AMSearchPageTest -->
