<?xml version="1.0" encoding="UTF-8"?>
<!-- Generated by org.testng.reporters.JUnitReportReporter -->
<testsuite skipped="0" hostname="LT0021232" name="com.ril.feedzai.testScript.FeedzaiAMVerifyAlertInQueue" tests="1" failures="0" timestamp="15 Jun 2018 06:18:53 GMT" time="30.720" errors="0">
  <testcase name="ClickOnSettings" time="30.720" classname="com.ril.feedzai.testScript.FeedzaiAMVerifyAlertInQueue"/>
</testsuite> <!-- com.ril.feedzai.testScript.FeedzaiAMVerifyAlertInQueue -->
