<?xml version="1.0" encoding="UTF-8"?>
<!-- Generated by org.testng.reporters.JUnitReportReporter -->
<testsuite skipped="0" hostname="LT0021232" name="com.ril.Feedzai.BaseClass.feedzai_AM_Login" tests="1" failures="0" timestamp="23 May 2018 09:55:21 GMT" time="8.051" errors="0">
  <testcase name="Report" time="8.051" classname="com.ril.Feedzai.BaseClass.feedzai_AM_Login"/>
</testsuite> <!-- com.ril.Feedzai.BaseClass.feedzai_AM_Login -->
