<?xml version="1.0" encoding="UTF-8"?>
<!-- Generated by org.testng.reporters.JUnitReportReporter -->
<testsuite skipped="0" hostname="LT0021232" name="com.ril.Feedzai.TestScript.feedzai_AM_MerchantSearch" tests="2" failures="0" timestamp="22 May 2018 04:00:23 GMT" time="51.209" errors="0">
  <testcase name="EnterMerchantNo" time="27.985" classname="com.ril.Feedzai.TestScript.feedzai_AM_MerchantSearch"/>
  <testcase name="EnterMerchantMID" time="23.224" classname="com.ril.Feedzai.TestScript.feedzai_AM_MerchantSearch"/>
</testsuite> <!-- com.ril.Feedzai.TestScript.feedzai_AM_MerchantSearch -->
