<?xml version="1.0" encoding="UTF-8"?>
<!-- Generated by org.testng.reporters.JUnitReportReporter -->
<testsuite skipped="4" hostname="LT0021232" name="com.ril.feedzai.testScript.IBW_TranDetailsPageTest" tests="4" failures="0" timestamp="18 Sep 2018 07:03:01 GMT" time="0.000" errors="0">
  <testcase name="IBW_Tran" time="0.000" classname="com.ril.feedzai.testScript.IBW_TranDetailsPageTest">
    <skipped/>
  </testcase> <!-- IBW_Tran -->
  <testcase name="Customer_Details" time="0.000" classname="com.ril.feedzai.testScript.IBW_TranDetailsPageTest">
    <skipped/>
  </testcase> <!-- Customer_Details -->
  <testcase name="Payment_Details" time="0.000" classname="com.ril.feedzai.testScript.IBW_TranDetailsPageTest">
    <skipped/>
  </testcase> <!-- Payment_Details -->
  <testcase name="transaction_Details" time="0.000" classname="com.ril.feedzai.testScript.IBW_TranDetailsPageTest">
    <skipped/>
  </testcase> <!-- transaction_Details -->
</testsuite> <!-- com.ril.feedzai.testScript.IBW_TranDetailsPageTest -->
