<?xml version="1.0" encoding="UTF-8"?>
<!-- Generated by org.testng.reporters.JUnitReportReporter -->
<testsuite skipped="4" hostname="LT0021232" name="com.ril.feedzai.testScript.P2M_TranDetailsPageTest" tests="4" failures="0" timestamp="18 Sep 2018 07:03:01 GMT" time="0.000" errors="0">
  <testcase name="P2M_Tran" time="0.000" classname="com.ril.feedzai.testScript.P2M_TranDetailsPageTest">
    <skipped/>
  </testcase> <!-- P2M_Tran -->
  <testcase name="Customer_Data" time="0.000" classname="com.ril.feedzai.testScript.P2M_TranDetailsPageTest">
    <skipped/>
  </testcase> <!-- Customer_Data -->
  <testcase name="Cust_app_id" time="0.000" classname="com.ril.feedzai.testScript.P2M_TranDetailsPageTest">
    <skipped/>
  </testcase> <!-- Cust_app_id -->
  <testcase name="P2M_merchant_app_id" time="0.000" classname="com.ril.feedzai.testScript.P2M_TranDetailsPageTest">
    <skipped/>
  </testcase> <!-- P2M_merchant_app_id -->
</testsuite> <!-- com.ril.feedzai.testScript.P2M_TranDetailsPageTest -->
