<?xml version="1.0" encoding="UTF-8"?>
<!-- Generated by org.testng.reporters.JUnitReportReporter -->
<testsuite skipped="10" hostname="LT0021232" name="com.ril.Feedzai.BaseClass.AlertManagerCustomerScreen" tests="10" failures="0" timestamp="22 May 2018 10:13:09 GMT" time="0.000" errors="0">
  <testcase name="custMobNumSearch" time="0.000" classname="com.ril.Feedzai.BaseClass.AlertManagerCustomerScreen">
    <skipped/>
  </testcase> <!-- custMobNumSearch -->
  <testcase name="custIdSearch" time="0.000" classname="com.ril.Feedzai.BaseClass.AlertManagerCustomerScreen">
    <skipped/>
  </testcase> <!-- custIdSearch -->
  <testcase name="custNameValidate" time="0.000" classname="com.ril.Feedzai.BaseClass.AlertManagerCustomerScreen">
    <skipped/>
  </testcase> <!-- custNameValidate -->
  <testcase name="custIDValidate" time="0.000" classname="com.ril.Feedzai.BaseClass.AlertManagerCustomerScreen">
    <skipped/>
  </testcase> <!-- custIDValidate -->
  <testcase name="custAccNumValidate" time="0.000" classname="com.ril.Feedzai.BaseClass.AlertManagerCustomerScreen">
    <skipped/>
  </testcase> <!-- custAccNumValidate -->
  <testcase name="custKycValidate" time="0.000" classname="com.ril.Feedzai.BaseClass.AlertManagerCustomerScreen">
    <skipped/>
  </testcase> <!-- custKycValidate -->
  <testcase name="custStatusValidate" time="0.000" classname="com.ril.Feedzai.BaseClass.AlertManagerCustomerScreen">
    <skipped/>
  </testcase> <!-- custStatusValidate -->
  <testcase name="custAppIDValidate" time="0.000" classname="com.ril.Feedzai.BaseClass.AlertManagerCustomerScreen">
    <skipped/>
  </testcase> <!-- custAppIDValidate -->
  <testcase name="custTransStatisticsValidate" time="0.000" classname="com.ril.Feedzai.BaseClass.AlertManagerCustomerScreen">
    <skipped/>
  </testcase> <!-- custTransStatisticsValidate -->
  <testcase name="custMerchStatisticsValidate" time="0.000" classname="com.ril.Feedzai.BaseClass.AlertManagerCustomerScreen">
    <skipped/>
  </testcase> <!-- custMerchStatisticsValidate -->
</testsuite> <!-- com.ril.Feedzai.BaseClass.AlertManagerCustomerScreen -->
