<?xml version="1.0" encoding="UTF-8"?>
<!-- Generated by org.testng.reporters.JUnitReportReporter -->
<testsuite skipped="4" hostname="LT0021232" name="com.ril.feedzai.testScript.LMW_TranDetailsPageTest" tests="4" failures="0" timestamp="18 Sep 2018 07:03:02 GMT" time="0.000" errors="0">
  <testcase name="LMW_TranData" time="0.000" classname="com.ril.feedzai.testScript.LMW_TranDetailsPageTest">
    <skipped/>
  </testcase> <!-- LMW_TranData -->
  <testcase name="LMW_Instrument_details" time="0.000" classname="com.ril.feedzai.testScript.LMW_TranDetailsPageTest">
    <skipped/>
  </testcase> <!-- LMW_Instrument_details -->
  <testcase name="LMW_CustomerMob" time="0.000" classname="com.ril.feedzai.testScript.LMW_TranDetailsPageTest">
    <skipped/>
  </testcase> <!-- LMW_CustomerMob -->
  <testcase name="LMW_transaction_details" time="0.000" classname="com.ril.feedzai.testScript.LMW_TranDetailsPageTest">
    <skipped/>
  </testcase> <!-- LMW_transaction_details -->
</testsuite> <!-- com.ril.feedzai.testScript.LMW_TranDetailsPageTest -->
