<?xml version="1.0" encoding="UTF-8"?>
<!-- Generated by org.testng.reporters.JUnitReportReporter -->
<testsuite skipped="0" hostname="LT0021232" name="com.ril.feedzai.testScript.AM_MPP_TranDetails" tests="4" failures="0" timestamp="15 Jun 2018 06:18:53 GMT" time="19.006" errors="0">
  <testcase name="MPP_Tran_Data" time="16.163" classname="com.ril.feedzai.testScript.AM_MPP_TranDetails"/>
  <testcase name="MPP_Customer_dt" time="2.585" classname="com.ril.feedzai.testScript.AM_MPP_TranDetails"/>
  <testcase name="MPP_Card_dt" time="0.177" classname="com.ril.feedzai.testScript.AM_MPP_TranDetails"/>
  <testcase name="MPP_transaction_dt" time="0.081" classname="com.ril.feedzai.testScript.AM_MPP_TranDetails"/>
</testsuite> <!-- com.ril.feedzai.testScript.AM_MPP_TranDetails -->
