<?xml version="1.0" encoding="UTF-8"?>
<!-- Generated by org.testng.reporters.JUnitReportReporter -->
<testsuite skipped="1" hostname="LT0021232" name="com.ril.feedzai.testScript.SettingsPageTest" tests="1" failures="0" timestamp="18 Sep 2018 07:03:02 GMT" time="0.000" errors="0">
  <testcase name="SettingTab" time="0.000" classname="com.ril.feedzai.testScript.SettingsPageTest">
    <skipped/>
  </testcase> <!-- SettingTab -->
</testsuite> <!-- com.ril.feedzai.testScript.SettingsPageTest -->
