<?xml version="1.0" encoding="UTF-8"?>
<!-- Generated by org.testng.reporters.JUnitReportReporter -->
<testsuite skipped="0" hostname="LT0021232" name="com.ril.feedzai.testScript.FeedzaiAMMerchantSearch" tests="2" failures="0" timestamp="15 Jun 2018 06:18:53 GMT" time="53.224" errors="0">
  <testcase name="EnterMerchantNo" time="27.245" classname="com.ril.feedzai.testScript.FeedzaiAMMerchantSearch"/>
  <testcase name="EnterMerchantMID" time="25.979" classname="com.ril.feedzai.testScript.FeedzaiAMMerchantSearch"/>
</testsuite> <!-- com.ril.feedzai.testScript.FeedzaiAMMerchantSearch -->
