<?xml version="1.0" encoding="UTF-8"?>
<!-- Generated by org.testng.reporters.JUnitReportReporter -->
<testsuite skipped="0" hostname="LT0021232" name="com.ril.Feedzai.TestScript.Feedzai_Pulse_HomePage" tests="5" failures="0" timestamp="22 May 2018 04:00:23 GMT" time="35.798" errors="0">
  <testcase name="feedzai_Login" time="11.823" classname="com.ril.Feedzai.TestScript.Feedzai_Pulse_HomePage"/>
  <testcase name="DistributionJob" time="0.919" classname="com.ril.Feedzai.TestScript.Feedzai_Pulse_HomePage"/>
  <testcase name="Healthcheck" time="5.729" classname="com.ril.Feedzai.TestScript.Feedzai_Pulse_HomePage"/>
  <testcase name="PulseVersion" time="0.592" classname="com.ril.Feedzai.TestScript.Feedzai_Pulse_HomePage"/>
  <testcase name="EnableTimeMachine" time="16.735" classname="com.ril.Feedzai.TestScript.Feedzai_Pulse_HomePage"/>
</testsuite> <!-- com.ril.Feedzai.TestScript.Feedzai_Pulse_HomePage -->
