<?xml version="1.0" encoding="UTF-8"?>
<!-- Generated by org.testng.reporters.JUnitReportReporter -->
<testsuite skipped="0" hostname="LT0021232" name="com.ril.Feedzai.TestScript.feedzai_AM_ViewAlert" tests="3" failures="0" timestamp="22 May 2018 04:00:23 GMT" time="59.735" errors="0">
  <testcase name="MarkAlertNotFraud" time="16.657" classname="com.ril.Feedzai.TestScript.feedzai_AM_ViewAlert"/>
  <testcase name="MarkAlertFraud" time="17.886" classname="com.ril.Feedzai.TestScript.feedzai_AM_ViewAlert"/>
  <testcase name="MarkAlertSuspicious" time="25.192" classname="com.ril.Feedzai.TestScript.feedzai_AM_ViewAlert"/>
</testsuite> <!-- com.ril.Feedzai.TestScript.feedzai_AM_ViewAlert -->
