<?xml version="1.0" encoding="UTF-8"?>
<!-- Generated by org.testng.reporters.JUnitReportReporter -->
<testsuite skipped="4" hostname="LT0021232" name="com.ril.feedzai.testScript.JBP_AdvanceSearchPageTest" tests="4" failures="0" timestamp="18 Sep 2018 07:03:02 GMT" time="0.000" errors="0">
  <testcase name="JBPSender_pan" time="0.000" classname="com.ril.feedzai.testScript.JBP_AdvanceSearchPageTest">
    <skipped/>
  </testcase> <!-- JBPSender_pan -->
  <testcase name="Beneficiary_pan" time="0.000" classname="com.ril.feedzai.testScript.JBP_AdvanceSearchPageTest">
    <skipped/>
  </testcase> <!-- Beneficiary_pan -->
  <testcase name="Sender_MMID" time="0.000" classname="com.ril.feedzai.testScript.JBP_AdvanceSearchPageTest">
    <skipped/>
  </testcase> <!-- Sender_MMID -->
  <testcase name="Beneficiary_MMID" time="0.000" classname="com.ril.feedzai.testScript.JBP_AdvanceSearchPageTest">
    <skipped/>
  </testcase> <!-- Beneficiary_MMID -->
</testsuite> <!-- com.ril.feedzai.testScript.JBP_AdvanceSearchPageTest -->
