<?xml version="1.0" encoding="UTF-8"?>
<!-- Generated by org.testng.reporters.JUnitReportReporter -->
<testsuite skipped="2" hostname="LT0021232" name="com.ril.feedzai.testScript.HoldandReleasePageTest" tests="2" failures="0" timestamp="18 Sep 2018 07:03:01 GMT" time="0.000" errors="0">
  <testcase name="Suspicious" time="0.000" classname="com.ril.feedzai.testScript.HoldandReleasePageTest">
    <skipped/>
  </testcase> <!-- Suspicious -->
  <testcase name="NotFraud" time="0.000" classname="com.ril.feedzai.testScript.HoldandReleasePageTest">
    <skipped/>
  </testcase> <!-- NotFraud -->
</testsuite> <!-- com.ril.feedzai.testScript.HoldandReleasePageTest -->
