<?xml version="1.0" encoding="UTF-8"?>
<!-- Generated by org.testng.reporters.JUnitReportReporter -->
<testsuite skipped="2" hostname="LT0021232" name="com.ril.Feedzai.BaseClass.FeedzaiAMViewTransDetail" tests="2" failures="0" timestamp="22 May 2018 10:13:09 GMT" time="0.000" errors="0">
  <testcase name="MarkTransactionNotFraud" time="0.000" classname="com.ril.Feedzai.BaseClass.FeedzaiAMViewTransDetail">
    <skipped/>
  </testcase> <!-- MarkTransactionNotFraud -->
  <testcase name="MarkAlertAsFraud" time="0.000" classname="com.ril.Feedzai.BaseClass.FeedzaiAMViewTransDetail">
    <skipped/>
  </testcase> <!-- MarkAlertAsFraud -->
</testsuite> <!-- com.ril.Feedzai.BaseClass.FeedzaiAMViewTransDetail -->
