<?xml version="1.0" encoding="UTF-8"?>
<!-- Generated by org.testng.reporters.JUnitReportReporter -->
<testsuite skipped="5" hostname="LT0021232" name="com.ril.feedzai.testScript.JPB_CustomerSearchPageTest" tests="5" failures="0" timestamp="18 Sep 2018 07:03:02 GMT" time="0.000" errors="0">
  <testcase name="JBP_SearchCIFID" time="0.000" classname="com.ril.feedzai.testScript.JPB_CustomerSearchPageTest">
    <skipped/>
  </testcase> <!-- JBP_SearchCIFID -->
  <testcase name="Customer_Details_CIFID" time="0.000" classname="com.ril.feedzai.testScript.JPB_CustomerSearchPageTest">
    <skipped/>
  </testcase> <!-- Customer_Details_CIFID -->
  <testcase name="Customer_Account_Number" time="0.000" classname="com.ril.feedzai.testScript.JPB_CustomerSearchPageTest">
    <skipped/>
  </testcase> <!-- Customer_Account_Number -->
  <testcase name="Customer_Account_Details" time="0.000" classname="com.ril.feedzai.testScript.JPB_CustomerSearchPageTest">
    <skipped/>
  </testcase> <!-- Customer_Account_Details -->
  <testcase name="VerifyAlldetail" time="0.000" classname="com.ril.feedzai.testScript.JPB_CustomerSearchPageTest">
    <skipped/>
  </testcase> <!-- VerifyAlldetail -->
</testsuite> <!-- com.ril.feedzai.testScript.JPB_CustomerSearchPageTest -->
