<?xml version="1.0" encoding="UTF-8"?>
<!-- Generated by org.testng.reporters.JUnitReportReporter -->
<testsuite skipped="0" hostname="LT0021232" name="com.ril.Feedzai.TestScript.feedzai_AM_Reports" tests="1" failures="0" timestamp="22 May 2018 04:33:08 GMT" time="7.047" errors="0">
  <testcase name="Report" time="7.047" classname="com.ril.Feedzai.TestScript.feedzai_AM_Reports"/>
</testsuite> <!-- com.ril.Feedzai.TestScript.feedzai_AM_Reports -->
