<?xml version="1.0" encoding="UTF-8"?>
<!-- Generated by org.testng.reporters.JUnitReportReporter -->
<testsuite skipped="2" hostname="LT0021232" name="com.ril.Feedzai.BaseClass.FeedzaiAMMerchantSearch" tests="2" failures="0" timestamp="22 May 2018 10:13:09 GMT" time="0.000" errors="0">
  <testcase name="EnterMerchantNo" time="0.000" classname="com.ril.Feedzai.BaseClass.FeedzaiAMMerchantSearch">
    <skipped/>
  </testcase> <!-- EnterMerchantNo -->
  <testcase name="EnterMerchantMID" time="0.000" classname="com.ril.Feedzai.BaseClass.FeedzaiAMMerchantSearch">
    <skipped/>
  </testcase> <!-- EnterMerchantMID -->
</testsuite> <!-- com.ril.Feedzai.BaseClass.FeedzaiAMMerchantSearch -->
