<?xml version="1.0" encoding="UTF-8"?>
<!-- Generated by org.testng.reporters.JUnitReportReporter -->
<testsuite skipped="0" hostname="LT0021232" name="com.ril.feedzai.testScript.JPB_Customer_Search" tests="12" failures="0" timestamp="15 Jun 2018 06:18:53 GMT" time="43.816" errors="0">
  <testcase name="Customer_Search_CIFID" time="16.686" classname="com.ril.feedzai.testScript.JPB_Customer_Search"/>
  <testcase name="Customer_Details_CIFID" time="4.673" classname="com.ril.feedzai.testScript.JPB_Customer_Search"/>
  <testcase name="Customer_Details_Account_Number" time="12.252" classname="com.ril.feedzai.testScript.JPB_Customer_Search"/>
  <testcase name="Customer_Details_Account_Details" time="0.524" classname="com.ril.feedzai.testScript.JPB_Customer_Search"/>
  <testcase name="Activity_Period" time="0.212" classname="com.ril.feedzai.testScript.JPB_Customer_Search"/>
  <testcase name="Transactions_Details" time="0.114" classname="com.ril.feedzai.testScript.JPB_Customer_Search"/>
  <testcase name="Fraud_Details" time="0.121" classname="com.ril.feedzai.testScript.JPB_Customer_Search"/>
  <testcase name="Tran_density" time="0.128" classname="com.ril.feedzai.testScript.JPB_Customer_Search"/>
  <testcase name="transaction_Statistic" time="0.091" classname="com.ril.feedzai.testScript.JPB_Customer_Search"/>
  <testcase name="transaction_History" time="0.146" classname="com.ril.feedzai.testScript.JPB_Customer_Search"/>
  <testcase name="Status_Log_Details" time="5.789" classname="com.ril.feedzai.testScript.JPB_Customer_Search"/>
  <testcase name="JM_Customer_Search" time="3.080" classname="com.ril.feedzai.testScript.JPB_Customer_Search"/>
</testsuite> <!-- com.ril.feedzai.testScript.JPB_Customer_Search -->
