<?xml version="1.0" encoding="UTF-8"?>
<!-- Generated by org.testng.reporters.JUnitReportReporter -->
<testsuite skipped="4" hostname="LT0021232" name="com.ril.feedzai.testScript.MPP_TranDetailsPageTest" tests="4" failures="0" timestamp="18 Sep 2018 07:03:02 GMT" time="0.000" errors="0">
  <testcase name="MPP_Tran" time="0.000" classname="com.ril.feedzai.testScript.MPP_TranDetailsPageTest">
    <skipped/>
  </testcase> <!-- MPP_Tran -->
  <testcase name="Customer_dt" time="0.000" classname="com.ril.feedzai.testScript.MPP_TranDetailsPageTest">
    <skipped/>
  </testcase> <!-- Customer_dt -->
  <testcase name="Card_dt" time="0.000" classname="com.ril.feedzai.testScript.MPP_TranDetailsPageTest">
    <skipped/>
  </testcase> <!-- Card_dt -->
  <testcase name="transaction_dt" time="0.000" classname="com.ril.feedzai.testScript.MPP_TranDetailsPageTest">
    <skipped/>
  </testcase> <!-- transaction_dt -->
</testsuite> <!-- com.ril.feedzai.testScript.MPP_TranDetailsPageTest -->
