<?xml version="1.0" encoding="UTF-8"?>
<!-- Generated by org.testng.reporters.JUnitReportReporter -->
<testsuite skipped="0" hostname="LT0021232" name="com.ril.feedzai.testScript.AlertManagerSearchScreen" tests="13" failures="0" timestamp="15 Jun 2018 06:18:53 GMT" time="947.020" errors="0">
  <testcase name="AdvanceSearchCustID" time="73.101" classname="com.ril.feedzai.testScript.AlertManagerSearchScreen"/>
  <testcase name="AdvanceSearchMerID" time="66.350" classname="com.ril.feedzai.testScript.AlertManagerSearchScreen"/>
  <testcase name="AdvanceSearchChannel" time="72.580" classname="com.ril.feedzai.testScript.AlertManagerSearchScreen"/>
  <testcase name="AdvanceSearchAgentID" time="100.628" classname="com.ril.feedzai.testScript.AlertManagerSearchScreen"/>
  <testcase name="AdvanceSearchCusNum" time="76.992" classname="com.ril.feedzai.testScript.AlertManagerSearchScreen"/>
  <testcase name="AdvanceSearchMerNum" time="70.512" classname="com.ril.feedzai.testScript.AlertManagerSearchScreen"/>
  <testcase name="AdvanceSearchSrcInstID" time="63.304" classname="com.ril.feedzai.testScript.AlertManagerSearchScreen"/>
  <testcase name="AdvanceSearchResponseCode" time="70.317" classname="com.ril.feedzai.testScript.AlertManagerSearchScreen"/>
  <testcase name="AdvanceSearchProcessCode" time="66.229" classname="com.ril.feedzai.testScript.AlertManagerSearchScreen"/>
  <testcase name="AdvanceSearchHashedCardPan" time="68.360" classname="com.ril.feedzai.testScript.AlertManagerSearchScreen"/>
  <testcase name="AdvanceSearchCustAppID" time="74.465" classname="com.ril.feedzai.testScript.AlertManagerSearchScreen"/>
  <testcase name="AdvanceSearchSenderPan" time="71.148" classname="com.ril.feedzai.testScript.AlertManagerSearchScreen"/>
  <testcase name="AdvanceSearchCardBin" time="73.034" classname="com.ril.feedzai.testScript.AlertManagerSearchScreen"/>
</testsuite> <!-- com.ril.feedzai.testScript.AlertManagerSearchScreen -->
