<?xml version="1.0" encoding="UTF-8"?>
<!-- Generated by org.testng.reporters.JUnitReportReporter -->
<testsuite skipped="5" hostname="LT0021232" name="com.ril.feedzai.testScript.BeneficiaryPan_ValidationPageTest" tests="5" failures="0" timestamp="18 Sep 2018 07:03:02 GMT" time="0.000" errors="0">
  <testcase name="P2M_Tran" time="0.000" classname="com.ril.feedzai.testScript.BeneficiaryPan_ValidationPageTest">
    <skipped/>
  </testcase> <!-- P2M_Tran -->
  <testcase name="LMW_Tran" time="0.000" classname="com.ril.feedzai.testScript.BeneficiaryPan_ValidationPageTest">
    <skipped/>
  </testcase> <!-- LMW_Tran -->
  <testcase name="WPP_Tran" time="0.000" classname="com.ril.feedzai.testScript.BeneficiaryPan_ValidationPageTest">
    <skipped/>
  </testcase> <!-- WPP_Tran -->
  <testcase name="MPP_Tran" time="0.000" classname="com.ril.feedzai.testScript.BeneficiaryPan_ValidationPageTest">
    <skipped/>
  </testcase> <!-- MPP_Tran -->
  <testcase name="IBW_trans_details" time="0.000" classname="com.ril.feedzai.testScript.BeneficiaryPan_ValidationPageTest">
    <skipped/>
  </testcase> <!-- IBW_trans_details -->
</testsuite> <!-- com.ril.feedzai.testScript.BeneficiaryPan_ValidationPageTest -->
