<?xml version="1.0" encoding="UTF-8"?>
<!-- Generated by org.testng.reporters.JUnitReportReporter -->
<testsuite skipped="0" hostname="LT0021232" name="com.ril.Feedzai.TestScript.feedzai_AM_ViewTransDetail" tests="2" failures="0" timestamp="22 May 2018 04:00:23 GMT" time="19.192" errors="0">
  <testcase name="MarkTransactionNotFraud" time="9.699" classname="com.ril.Feedzai.TestScript.feedzai_AM_ViewTransDetail"/>
  <testcase name="MarkAlertAsFraud" time="9.493" classname="com.ril.Feedzai.TestScript.feedzai_AM_ViewTransDetail"/>
</testsuite> <!-- com.ril.Feedzai.TestScript.feedzai_AM_ViewTransDetail -->
