<?xml version="1.0" encoding="UTF-8"?>
<!-- Generated by org.testng.reporters.JUnitReportReporter -->
<testsuite skipped="0" hostname="LT0021232" name="com.ril.feedzai.testScript.FeedzaiAMAgentSearch" tests="1" failures="0" timestamp="15 Jun 2018 06:18:53 GMT" time="35.350" errors="0">
  <testcase name="AgentSearch" time="35.350" classname="com.ril.feedzai.testScript.FeedzaiAMAgentSearch"/>
</testsuite> <!-- com.ril.feedzai.testScript.FeedzaiAMAgentSearch -->
