<?xml version="1.0" encoding="UTF-8"?>
<!-- Generated by org.testng.reporters.JUnitReportReporter -->
<testsuite skipped="0" hostname="LT0021232" name="com.ril.feedzai.testScript.LoginPageTest" tests="1" failures="0" timestamp="18 Sep 2018 07:03:01 GMT" time="27.047" errors="0">
  <testcase name="VerifyUserLogin" time="27.047" classname="com.ril.feedzai.testScript.LoginPageTest"/>
</testsuite> <!-- com.ril.feedzai.testScript.LoginPageTest -->
