<?xml version="1.0" encoding="UTF-8"?>
<!-- Generated by org.testng.reporters.JUnitReportReporter -->
<testsuite skipped="0" hostname="LT0021232" name="com.ril.feedzai.testScript.FeedzaiAMViewTransDetail" tests="2" failures="0" timestamp="15 Jun 2018 06:18:53 GMT" time="20.037" errors="0">
  <testcase name="MarkTransactionNotFraud" time="9.701" classname="com.ril.feedzai.testScript.FeedzaiAMViewTransDetail"/>
  <testcase name="MarkAlertAsFraud" time="10.336" classname="com.ril.feedzai.testScript.FeedzaiAMViewTransDetail"/>
</testsuite> <!-- com.ril.feedzai.testScript.FeedzaiAMViewTransDetail -->
