<?xml version="1.0" encoding="UTF-8"?>
<!-- Generated by org.testng.reporters.JUnitReportReporter -->
<testsuite skipped="0" hostname="LT0021232" name="com.ril.feedzai.testScript.ReportPageTest" tests="1" failures="0" timestamp="19 Sep 2018 09:44:18 GMT" time="11.641" errors="0">
  <testcase name="ReportCheck" time="11.641" classname="com.ril.feedzai.testScript.ReportPageTest"/>
</testsuite> <!-- com.ril.feedzai.testScript.ReportPageTest -->
