<?xml version="1.0" encoding="UTF-8"?>
<!-- Generated by org.testng.reporters.JUnitReportReporter -->
<testsuite skipped="0" hostname="LT0021232" name="com.ril.feedzai.testScript.AgentPageTest" tests="1" failures="0" timestamp="19 Sep 2018 09:44:18 GMT" time="24.369" errors="0">
  <testcase name="verifyAgentdetail" time="24.369" classname="com.ril.feedzai.testScript.AgentPageTest"/>
</testsuite> <!-- com.ril.feedzai.testScript.AgentPageTest -->
