<?xml version="1.0" encoding="UTF-8"?>
<!-- Generated by org.testng.reporters.JUnitReportReporter -->
<testsuite skipped="0" hostname="LT0021232" name="com.ril.feedzai.testScript.JBP_AdvanceSearchPageTest" tests="4" failures="0" timestamp="19 Sep 2018 09:44:18 GMT" time="130.398" errors="0">
  <testcase name="JBPSender_pan" time="19.741" classname="com.ril.feedzai.testScript.JBP_AdvanceSearchPageTest"/>
  <testcase name="Beneficiary_pan" time="30.616" classname="com.ril.feedzai.testScript.JBP_AdvanceSearchPageTest"/>
  <testcase name="Sender_MMID" time="42.400" classname="com.ril.feedzai.testScript.JBP_AdvanceSearchPageTest"/>
  <testcase name="Beneficiary_MMID" time="37.641" classname="com.ril.feedzai.testScript.JBP_AdvanceSearchPageTest"/>
</testsuite> <!-- com.ril.feedzai.testScript.JBP_AdvanceSearchPageTest -->
