<?xml version="1.0" encoding="UTF-8"?>
<!-- Generated by org.testng.reporters.JUnitReportReporter -->
<testsuite skipped="0" hostname="LT0021232" name="com.ril.feedzai.testScript.HoldandReleasePageTest" tests="2" failures="0" timestamp="19 Sep 2018 09:44:18 GMT" time="88.508" errors="0">
  <testcase name="Suspicious" time="10.752" classname="com.ril.feedzai.testScript.HoldandReleasePageTest"/>
  <testcase name="NotFraud" time="77.756" classname="com.ril.feedzai.testScript.HoldandReleasePageTest"/>
</testsuite> <!-- com.ril.feedzai.testScript.HoldandReleasePageTest -->
