<?xml version="1.0" encoding="UTF-8"?>
<!-- Generated by org.testng.reporters.JUnitReportReporter -->
<testsuite skipped="0" hostname="LT0021232" name="com.ril.feedzai.testScript.MerchantPageTest" tests="2" failures="0" timestamp="19 Sep 2018 09:44:18 GMT" time="41.389" errors="0">
  <testcase name="MerchantDeatilsMno" time="25.405" classname="com.ril.feedzai.testScript.MerchantPageTest"/>
  <testcase name="MerchantDeatilsID" time="15.984" classname="com.ril.feedzai.testScript.MerchantPageTest"/>
</testsuite> <!-- com.ril.feedzai.testScript.MerchantPageTest -->
