<?xml version="1.0" encoding="UTF-8"?>
<!-- Generated by org.testng.reporters.JUnitReportReporter -->
<testsuite skipped="0" hostname="LT0021232" name="com.ril.feedzai.testScript.CustomerPageTest" tests="3" failures="0" timestamp="19 Sep 2018 09:44:18 GMT" time="42.792" errors="0">
  <testcase name="CustMobSearch" time="7.440" classname="com.ril.feedzai.testScript.CustomerPageTest"/>
  <testcase name="custIdSearch" time="16.736" classname="com.ril.feedzai.testScript.CustomerPageTest"/>
  <testcase name="CustDetailInfo" time="18.616" classname="com.ril.feedzai.testScript.CustomerPageTest"/>
</testsuite> <!-- com.ril.feedzai.testScript.CustomerPageTest -->
