<?xml version="1.0" encoding="UTF-8"?>
<!-- Generated by org.testng.reporters.JUnitReportReporter -->
<testsuite skipped="1" hostname="LT0021232" name="com.ril.feedzai.testScript.AlertPageTest" tests="4" failures="0" timestamp="19 Sep 2018 09:44:18 GMT" time="65.222" errors="0">
  <testcase name="MarkNotFraud" time="11.481" classname="com.ril.feedzai.testScript.AlertPageTest"/>
  <testcase name="MarkNotFraud" time="1.797" classname="com.ril.feedzai.testScript.AlertPageTest">
    <skipped/>
  </testcase> <!-- MarkNotFraud -->
  <testcase name="MarkFraud" time="24.596" classname="com.ril.feedzai.testScript.AlertPageTest"/>
  <testcase name="MarkSuspicious" time="27.348" classname="com.ril.feedzai.testScript.AlertPageTest"/>
</testsuite> <!-- com.ril.feedzai.testScript.AlertPageTest -->
