<?xml version="1.0" encoding="UTF-8"?>
<!-- Generated by org.testng.reporters.JUnitReportReporter -->
<testsuite skipped="0" hostname="LT0021232" name="com.ril.feedzai.testScript.SettingsPageTest" tests="1" failures="0" timestamp="19 Sep 2018 09:44:18 GMT" time="28.645" errors="0">
  <testcase name="SettingTab" time="28.645" classname="com.ril.feedzai.testScript.SettingsPageTest"/>
</testsuite> <!-- com.ril.feedzai.testScript.SettingsPageTest -->
