<?xml version="1.0" encoding="UTF-8"?>
<!-- Generated by org.testng.reporters.JUnitReportReporter -->
<testsuite skipped="0" hostname="LT0021232" name="com.ril.feedzai.testScript.P2M_TranDetailsPageTest" tests="4" failures="0" timestamp="19 Sep 2018 09:44:18 GMT" time="43.175" errors="0">
  <testcase name="P2M_Tran" time="32.097" classname="com.ril.feedzai.testScript.P2M_TranDetailsPageTest"/>
  <testcase name="Customer_Data" time="6.263" classname="com.ril.feedzai.testScript.P2M_TranDetailsPageTest"/>
  <testcase name="Cust_app_id" time="2.220" classname="com.ril.feedzai.testScript.P2M_TranDetailsPageTest"/>
  <testcase name="P2M_merchant_app_id" time="2.595" classname="com.ril.feedzai.testScript.P2M_TranDetailsPageTest"/>
</testsuite> <!-- com.ril.feedzai.testScript.P2M_TranDetailsPageTest -->
