<?xml version="1.0" encoding="UTF-8"?>
<!-- Generated by org.testng.reporters.JUnitReportReporter -->
<testsuite skipped="0" hostname="LT0021232" name="com.ril.feedzai.testScript.AMSearchPageTest" tests="13" failures="0" timestamp="19 Sep 2018 09:44:18 GMT" time="566.658" errors="0">
  <testcase name="CustSearch" time="56.938" classname="com.ril.feedzai.testScript.AMSearchPageTest"/>
  <testcase name="MerSearch" time="58.603" classname="com.ril.feedzai.testScript.AMSearchPageTest"/>
  <testcase name="ChannelSearch" time="37.095" classname="com.ril.feedzai.testScript.AMSearchPageTest"/>
  <testcase name="AgentIDSearch" time="48.217" classname="com.ril.feedzai.testScript.AMSearchPageTest"/>
  <testcase name="CusNumSearch" time="37.072" classname="com.ril.feedzai.testScript.AMSearchPageTest"/>
  <testcase name="MerNumSearch" time="36.185" classname="com.ril.feedzai.testScript.AMSearchPageTest"/>
  <testcase name="SrcInstIDSearch" time="36.366" classname="com.ril.feedzai.testScript.AMSearchPageTest"/>
  <testcase name="ResponseCodeSearch" time="39.334" classname="com.ril.feedzai.testScript.AMSearchPageTest"/>
  <testcase name="ProcessCodeSearch" time="38.257" classname="com.ril.feedzai.testScript.AMSearchPageTest"/>
  <testcase name="HashedCardPanSearch" time="38.818" classname="com.ril.feedzai.testScript.AMSearchPageTest"/>
  <testcase name="CustAppIDSearch" time="40.221" classname="com.ril.feedzai.testScript.AMSearchPageTest"/>
  <testcase name="SenderPanSearch" time="39.907" classname="com.ril.feedzai.testScript.AMSearchPageTest"/>
  <testcase name="CardBinSearch" time="59.645" classname="com.ril.feedzai.testScript.AMSearchPageTest"/>
</testsuite> <!-- com.ril.feedzai.testScript.AMSearchPageTest -->
