<?xml version="1.0" encoding="UTF-8"?>
<!-- Generated by org.testng.reporters.JUnitReportReporter -->
<testsuite skipped="0" hostname="LT0021232" name="com.ril.feedzai.testScript.TransactionpageTest" tests="2" failures="0" timestamp="19 Sep 2018 09:44:18 GMT" time="31.509" errors="0">
  <testcase name="markTransNotFraud" time="10.260" classname="com.ril.feedzai.testScript.TransactionpageTest"/>
  <testcase name="markTransFraud" time="21.249" classname="com.ril.feedzai.testScript.TransactionpageTest"/>
</testsuite> <!-- com.ril.feedzai.testScript.TransactionpageTest -->
