<?xml version="1.0" encoding="UTF-8"?>
<!-- Generated by org.testng.reporters.JUnitReportReporter -->
<testsuite skipped="0" hostname="LT0021232" name="com.ril.feedzai.testScript.MPP_TranDetailsPageTest" tests="4" failures="0" timestamp="19 Sep 2018 09:44:18 GMT" time="32.367" errors="0">
  <testcase name="MPP_Tran" time="21.780" classname="com.ril.feedzai.testScript.MPP_TranDetailsPageTest"/>
  <testcase name="Customer_dt" time="5.547" classname="com.ril.feedzai.testScript.MPP_TranDetailsPageTest"/>
  <testcase name="Card_dt" time="2.411" classname="com.ril.feedzai.testScript.MPP_TranDetailsPageTest"/>
  <testcase name="transaction_dt" time="2.629" classname="com.ril.feedzai.testScript.MPP_TranDetailsPageTest"/>
</testsuite> <!-- com.ril.feedzai.testScript.MPP_TranDetailsPageTest -->
